c:\users\wysepc\source\repos\iat_hooking\iat_hooking\x64\debug\vc141.pdb
c:\users\wysepc\source\repos\iat_hooking\iat_hooking\x64\debug\source.obj
c:\users\wysepc\source\repos\iat_hooking\x64\debug\iat_hooking\iat_hooking.cat
c:\users\wysepc\source\repos\iat_hooking\x64\debug\iat_hooking.sys
c:\users\wysepc\source\repos\iat_hooking\x64\debug\iat_hooking.pdb
c:\users\wysepc\source\repos\iat_hooking\iat_hooking\x64\debug\hook_asm.obj
c:\users\wysepc\source\repos\iat_hooking\iat_hooking\x64\debug\unhook_asm.obj
c:\users\wysepc\source\repos\iat_hooking\iat_hooking\x64\debug\iat_hooking.inf
c:\users\wysepc\source\repos\iat_hooking\x64\debug\iat_hooking.cer
c:\users\wysepc\source\repos\iat_hooking\x64\debug\iat_hooking.inf
c:\users\wysepc\source\repos\iat_hooking\iat_hooking\x64\debug\iat_hooking.tlog\cl.command.1.tlog
c:\users\wysepc\source\repos\iat_hooking\iat_hooking\x64\debug\iat_hooking.tlog\cl.read.1.tlog
c:\users\wysepc\source\repos\iat_hooking\iat_hooking\x64\debug\iat_hooking.tlog\cl.write.1.tlog
c:\users\wysepc\source\repos\iat_hooking\iat_hooking\x64\debug\iat_hooking.tlog\inf2cat-expand.18168.read.1.tlog
c:\users\wysepc\source\repos\iat_hooking\iat_hooking\x64\debug\iat_hooking.tlog\inf2cat-expand.18168.write.1.tlog
c:\users\wysepc\source\repos\iat_hooking\iat_hooking\x64\debug\iat_hooking.tlog\inf2cat-expand.read.1.tlog
c:\users\wysepc\source\repos\iat_hooking\iat_hooking\x64\debug\iat_hooking.tlog\inf2cat-expand.write.1.tlog
c:\users\wysepc\source\repos\iat_hooking\iat_hooking\x64\debug\iat_hooking.tlog\inf2cat.command.1.tlog
c:\users\wysepc\source\repos\iat_hooking\iat_hooking\x64\debug\iat_hooking.tlog\inf2cat.read.1.tlog
c:\users\wysepc\source\repos\iat_hooking\iat_hooking\x64\debug\iat_hooking.tlog\inf2cat.write.1.tlog
c:\users\wysepc\source\repos\iat_hooking\iat_hooking\x64\debug\iat_hooking.tlog\link.command.1.tlog
c:\users\wysepc\source\repos\iat_hooking\iat_hooking\x64\debug\iat_hooking.tlog\link.read.1.tlog
c:\users\wysepc\source\repos\iat_hooking\iat_hooking\x64\debug\iat_hooking.tlog\link.write.1.tlog
c:\users\wysepc\source\repos\iat_hooking\iat_hooking\x64\debug\iat_hooking.tlog\masm.read.1u.tlog
c:\users\wysepc\source\repos\iat_hooking\iat_hooking\x64\debug\iat_hooking.tlog\masm.write.1u.tlog
c:\users\wysepc\source\repos\iat_hooking\iat_hooking\x64\debug\iat_hooking.tlog\signtool.command.1.tlog
c:\users\wysepc\source\repos\iat_hooking\iat_hooking\x64\debug\iat_hooking.tlog\signtool.read.1.tlog
c:\users\wysepc\source\repos\iat_hooking\iat_hooking\x64\debug\iat_hooking.tlog\signtool.timestamp.1.tlog
c:\users\wysepc\source\repos\iat_hooking\iat_hooking\x64\debug\iat_hooking.tlog\signtool.write.1.tlog
c:\users\wysepc\source\repos\iat_hooking\iat_hooking\x64\debug\iat_hooking.tlog\stampinf.command.1.tlog
c:\users\wysepc\source\repos\iat_hooking\iat_hooking\x64\debug\iat_hooking.tlog\stampinf.read.1.tlog
c:\users\wysepc\source\repos\iat_hooking\iat_hooking\x64\debug\iat_hooking.tlog\stampinf.write.1.tlog
