c:\users\wysepc\source\repos\drivers\hybridhookdriver\hybridhookdriver\x64\debug\vc141.pdb
c:\users\wysepc\source\repos\drivers\hybridhookdriver\hybridhookdriver\x64\debug\source.obj
c:\users\wysepc\source\repos\drivers\hybridhookdriver\x64\debug\hybridhookdriver\hybridhookdriver.cat
c:\users\wysepc\source\repos\drivers\hybridhookdriver\x64\debug\hybridhookdriver.sys
c:\users\wysepc\source\repos\drivers\hybridhookdriver\x64\debug\hybridhookdriver.pdb
c:\users\wysepc\source\repos\drivers\hybridhookdriver\hybridhookdriver\x64\debug\hybridhookdriver.inf
c:\users\wysepc\source\repos\drivers\hybridhookdriver\x64\debug\hybridhookdriver.cer
c:\users\wysepc\source\repos\drivers\hybridhookdriver\x64\debug\hybridhookdriver.inf
c:\users\wysepc\source\repos\drivers\hybridhookdriver\hybridhookdriver\x64\debug\hybridhookdriver.tlog\cl.command.1.tlog
c:\users\wysepc\source\repos\drivers\hybridhookdriver\hybridhookdriver\x64\debug\hybridhookdriver.tlog\cl.read.1.tlog
c:\users\wysepc\source\repos\drivers\hybridhookdriver\hybridhookdriver\x64\debug\hybridhookdriver.tlog\cl.write.1.tlog
c:\users\wysepc\source\repos\drivers\hybridhookdriver\hybridhookdriver\x64\debug\hybridhookdriver.tlog\inf2cat-expand.60448.read.1.tlog
c:\users\wysepc\source\repos\drivers\hybridhookdriver\hybridhookdriver\x64\debug\hybridhookdriver.tlog\inf2cat-expand.60448.write.1.tlog
c:\users\wysepc\source\repos\drivers\hybridhookdriver\hybridhookdriver\x64\debug\hybridhookdriver.tlog\inf2cat-expand.read.1.tlog
c:\users\wysepc\source\repos\drivers\hybridhookdriver\hybridhookdriver\x64\debug\hybridhookdriver.tlog\inf2cat-expand.write.1.tlog
c:\users\wysepc\source\repos\drivers\hybridhookdriver\hybridhookdriver\x64\debug\hybridhookdriver.tlog\inf2cat.command.1.tlog
c:\users\wysepc\source\repos\drivers\hybridhookdriver\hybridhookdriver\x64\debug\hybridhookdriver.tlog\inf2cat.read.1.tlog
c:\users\wysepc\source\repos\drivers\hybridhookdriver\hybridhookdriver\x64\debug\hybridhookdriver.tlog\inf2cat.read.8.tlog
c:\users\wysepc\source\repos\drivers\hybridhookdriver\hybridhookdriver\x64\debug\hybridhookdriver.tlog\inf2cat.write.1.tlog
c:\users\wysepc\source\repos\drivers\hybridhookdriver\hybridhookdriver\x64\debug\hybridhookdriver.tlog\inf2cat.write.8.tlog
c:\users\wysepc\source\repos\drivers\hybridhookdriver\hybridhookdriver\x64\debug\hybridhookdriver.tlog\link.command.1.tlog
c:\users\wysepc\source\repos\drivers\hybridhookdriver\hybridhookdriver\x64\debug\hybridhookdriver.tlog\link.read.1.tlog
c:\users\wysepc\source\repos\drivers\hybridhookdriver\hybridhookdriver\x64\debug\hybridhookdriver.tlog\link.write.1.tlog
c:\users\wysepc\source\repos\drivers\hybridhookdriver\hybridhookdriver\x64\debug\hybridhookdriver.tlog\signtool.command.1.tlog
c:\users\wysepc\source\repos\drivers\hybridhookdriver\hybridhookdriver\x64\debug\hybridhookdriver.tlog\signtool.read.1.tlog
c:\users\wysepc\source\repos\drivers\hybridhookdriver\hybridhookdriver\x64\debug\hybridhookdriver.tlog\signtool.timestamp.1.tlog
c:\users\wysepc\source\repos\drivers\hybridhookdriver\hybridhookdriver\x64\debug\hybridhookdriver.tlog\signtool.write.1.tlog
c:\users\wysepc\source\repos\drivers\hybridhookdriver\hybridhookdriver\x64\debug\hybridhookdriver.tlog\stampinf.command.1.tlog
c:\users\wysepc\source\repos\drivers\hybridhookdriver\hybridhookdriver\x64\debug\hybridhookdriver.tlog\stampinf.read.1.tlog
c:\users\wysepc\source\repos\drivers\hybridhookdriver\hybridhookdriver\x64\debug\hybridhookdriver.tlog\stampinf.write.1.tlog
