c:\users\wysepc\source\repos\kernelinjector\kernelinjector\x64\debug\vc141.pdb
c:\users\wysepc\source\repos\kernelinjector\kernelinjector\x64\debug\list.obj
c:\users\wysepc\source\repos\kernelinjector\kernelinjector\x64\debug\injector.obj
c:\users\wysepc\source\repos\kernelinjector\kernelinjector\x64\debug\endpoints.obj
c:\users\wysepc\source\repos\kernelinjector\kernelinjector\x64\debug\callbacks.obj
c:\users\wysepc\source\repos\kernelinjector\x64\debug\kernelinjector\kernelinjector.cat
c:\users\wysepc\source\repos\kernelinjector\x64\debug\kernelinjector.sys
c:\users\wysepc\source\repos\kernelinjector\x64\debug\kernelinjector.pdb
c:\users\wysepc\source\repos\kernelinjector\kernelinjector\x64\debug\kernelinjector.inf
c:\users\wysepc\source\repos\kernelinjector\x64\debug\kernelinjector.cer
c:\users\wysepc\source\repos\kernelinjector\x64\debug\kernelinjector.inf
c:\users\wysepc\source\repos\kernelinjector\kernelinjector\x64\debug\kernelinjector.tlog\cl.command.1.tlog
c:\users\wysepc\source\repos\kernelinjector\kernelinjector\x64\debug\kernelinjector.tlog\cl.read.1.tlog
c:\users\wysepc\source\repos\kernelinjector\kernelinjector\x64\debug\kernelinjector.tlog\cl.write.1.tlog
c:\users\wysepc\source\repos\kernelinjector\kernelinjector\x64\debug\kernelinjector.tlog\inf2cat-expand.10776.read.1.tlog
c:\users\wysepc\source\repos\kernelinjector\kernelinjector\x64\debug\kernelinjector.tlog\inf2cat-expand.10776.write.1.tlog
c:\users\wysepc\source\repos\kernelinjector\kernelinjector\x64\debug\kernelinjector.tlog\inf2cat-expand.16408.read.1.tlog
c:\users\wysepc\source\repos\kernelinjector\kernelinjector\x64\debug\kernelinjector.tlog\inf2cat-expand.16408.write.1.tlog
c:\users\wysepc\source\repos\kernelinjector\kernelinjector\x64\debug\kernelinjector.tlog\inf2cat-expand.4960.read.1.tlog
c:\users\wysepc\source\repos\kernelinjector\kernelinjector\x64\debug\kernelinjector.tlog\inf2cat-expand.4960.write.1.tlog
c:\users\wysepc\source\repos\kernelinjector\kernelinjector\x64\debug\kernelinjector.tlog\inf2cat-expand.6008.read.1.tlog
c:\users\wysepc\source\repos\kernelinjector\kernelinjector\x64\debug\kernelinjector.tlog\inf2cat-expand.6008.write.1.tlog
c:\users\wysepc\source\repos\kernelinjector\kernelinjector\x64\debug\kernelinjector.tlog\inf2cat-expand.7340.read.1.tlog
c:\users\wysepc\source\repos\kernelinjector\kernelinjector\x64\debug\kernelinjector.tlog\inf2cat-expand.7340.write.1.tlog
c:\users\wysepc\source\repos\kernelinjector\kernelinjector\x64\debug\kernelinjector.tlog\inf2cat-expand.read.1.tlog
c:\users\wysepc\source\repos\kernelinjector\kernelinjector\x64\debug\kernelinjector.tlog\inf2cat-expand.write.1.tlog
c:\users\wysepc\source\repos\kernelinjector\kernelinjector\x64\debug\kernelinjector.tlog\inf2cat.command.1.tlog
c:\users\wysepc\source\repos\kernelinjector\kernelinjector\x64\debug\kernelinjector.tlog\inf2cat.read.1.tlog
c:\users\wysepc\source\repos\kernelinjector\kernelinjector\x64\debug\kernelinjector.tlog\inf2cat.read.8.tlog
c:\users\wysepc\source\repos\kernelinjector\kernelinjector\x64\debug\kernelinjector.tlog\inf2cat.write.1.tlog
c:\users\wysepc\source\repos\kernelinjector\kernelinjector\x64\debug\kernelinjector.tlog\inf2cat.write.8.tlog
c:\users\wysepc\source\repos\kernelinjector\kernelinjector\x64\debug\kernelinjector.tlog\link.command.1.tlog
c:\users\wysepc\source\repos\kernelinjector\kernelinjector\x64\debug\kernelinjector.tlog\link.read.1.tlog
c:\users\wysepc\source\repos\kernelinjector\kernelinjector\x64\debug\kernelinjector.tlog\link.write.1.tlog
c:\users\wysepc\source\repos\kernelinjector\kernelinjector\x64\debug\kernelinjector.tlog\signtool.command.1.tlog
c:\users\wysepc\source\repos\kernelinjector\kernelinjector\x64\debug\kernelinjector.tlog\signtool.read.1.tlog
c:\users\wysepc\source\repos\kernelinjector\kernelinjector\x64\debug\kernelinjector.tlog\signtool.timestamp.1.tlog
c:\users\wysepc\source\repos\kernelinjector\kernelinjector\x64\debug\kernelinjector.tlog\signtool.write.1.tlog
c:\users\wysepc\source\repos\kernelinjector\kernelinjector\x64\debug\kernelinjector.tlog\stampinf.command.1.tlog
c:\users\wysepc\source\repos\kernelinjector\kernelinjector\x64\debug\kernelinjector.tlog\stampinf.read.1.tlog
c:\users\wysepc\source\repos\kernelinjector\kernelinjector\x64\debug\kernelinjector.tlog\stampinf.write.1.tlog
