c:\users\wysepc\source\repos\drivers\finaldriver\finaldriver\x64\debug\vc141.pdb
c:\users\wysepc\source\repos\drivers\finaldriver\finaldriver\x64\debug\source.obj
c:\users\wysepc\source\repos\drivers\finaldriver\x64\debug\finaldriver\finaldriver.cat
c:\users\wysepc\source\repos\drivers\finaldriver\x64\debug\finaldriver.sys
c:\users\wysepc\source\repos\drivers\finaldriver\x64\debug\finaldriver.pdb
c:\users\wysepc\source\repos\drivers\finaldriver\finaldriver\x64\debug\finaldriver.inf
c:\users\wysepc\source\repos\drivers\finaldriver\x64\debug\finaldriver.cer
c:\users\wysepc\source\repos\drivers\finaldriver\x64\debug\finaldriver.inf
c:\users\wysepc\source\repos\drivers\finaldriver\finaldriver\x64\debug\finaldriver.tlog\cl.command.1.tlog
c:\users\wysepc\source\repos\drivers\finaldriver\finaldriver\x64\debug\finaldriver.tlog\cl.read.1.tlog
c:\users\wysepc\source\repos\drivers\finaldriver\finaldriver\x64\debug\finaldriver.tlog\cl.write.1.tlog
c:\users\wysepc\source\repos\drivers\finaldriver\finaldriver\x64\debug\finaldriver.tlog\inf2cat-expand.11876.read.1.tlog
c:\users\wysepc\source\repos\drivers\finaldriver\finaldriver\x64\debug\finaldriver.tlog\inf2cat-expand.11876.write.1.tlog
c:\users\wysepc\source\repos\drivers\finaldriver\finaldriver\x64\debug\finaldriver.tlog\inf2cat-expand.13292.read.1.tlog
c:\users\wysepc\source\repos\drivers\finaldriver\finaldriver\x64\debug\finaldriver.tlog\inf2cat-expand.13292.write.1.tlog
c:\users\wysepc\source\repos\drivers\finaldriver\finaldriver\x64\debug\finaldriver.tlog\inf2cat-expand.15012.read.1.tlog
c:\users\wysepc\source\repos\drivers\finaldriver\finaldriver\x64\debug\finaldriver.tlog\inf2cat-expand.15012.write.1.tlog
c:\users\wysepc\source\repos\drivers\finaldriver\finaldriver\x64\debug\finaldriver.tlog\inf2cat-expand.15728.read.1.tlog
c:\users\wysepc\source\repos\drivers\finaldriver\finaldriver\x64\debug\finaldriver.tlog\inf2cat-expand.15728.write.1.tlog
c:\users\wysepc\source\repos\drivers\finaldriver\finaldriver\x64\debug\finaldriver.tlog\inf2cat-expand.7896.read.1.tlog
c:\users\wysepc\source\repos\drivers\finaldriver\finaldriver\x64\debug\finaldriver.tlog\inf2cat-expand.7896.write.1.tlog
c:\users\wysepc\source\repos\drivers\finaldriver\finaldriver\x64\debug\finaldriver.tlog\inf2cat-expand.read.1.tlog
c:\users\wysepc\source\repos\drivers\finaldriver\finaldriver\x64\debug\finaldriver.tlog\inf2cat-expand.write.1.tlog
c:\users\wysepc\source\repos\drivers\finaldriver\finaldriver\x64\debug\finaldriver.tlog\inf2cat.command.1.tlog
c:\users\wysepc\source\repos\drivers\finaldriver\finaldriver\x64\debug\finaldriver.tlog\inf2cat.read.1.tlog
c:\users\wysepc\source\repos\drivers\finaldriver\finaldriver\x64\debug\finaldriver.tlog\inf2cat.read.8.tlog
c:\users\wysepc\source\repos\drivers\finaldriver\finaldriver\x64\debug\finaldriver.tlog\inf2cat.write.1.tlog
c:\users\wysepc\source\repos\drivers\finaldriver\finaldriver\x64\debug\finaldriver.tlog\inf2cat.write.8.tlog
c:\users\wysepc\source\repos\drivers\finaldriver\finaldriver\x64\debug\finaldriver.tlog\link.command.1.tlog
c:\users\wysepc\source\repos\drivers\finaldriver\finaldriver\x64\debug\finaldriver.tlog\link.read.1.tlog
c:\users\wysepc\source\repos\drivers\finaldriver\finaldriver\x64\debug\finaldriver.tlog\link.write.1.tlog
c:\users\wysepc\source\repos\drivers\finaldriver\finaldriver\x64\debug\finaldriver.tlog\signtool.command.1.tlog
c:\users\wysepc\source\repos\drivers\finaldriver\finaldriver\x64\debug\finaldriver.tlog\signtool.read.1.tlog
c:\users\wysepc\source\repos\drivers\finaldriver\finaldriver\x64\debug\finaldriver.tlog\signtool.timestamp.1.tlog
c:\users\wysepc\source\repos\drivers\finaldriver\finaldriver\x64\debug\finaldriver.tlog\signtool.write.1.tlog
c:\users\wysepc\source\repos\drivers\finaldriver\finaldriver\x64\debug\finaldriver.tlog\stampinf.command.1.tlog
c:\users\wysepc\source\repos\drivers\finaldriver\finaldriver\x64\debug\finaldriver.tlog\stampinf.read.1.tlog
c:\users\wysepc\source\repos\drivers\finaldriver\finaldriver\x64\debug\finaldriver.tlog\stampinf.write.1.tlog
