c:\users\wysepc\source\repos\injectdll\injectdll\x64\debug\injectdll.pch
c:\users\wysepc\source\repos\injectdll\injectdll\x64\debug\vc141.pdb
c:\users\wysepc\source\repos\injectdll\injectdll\x64\debug\vc141.idb
c:\users\wysepc\source\repos\injectdll\injectdll\x64\debug\stdafx.obj
c:\users\wysepc\source\repos\injectdll\injectdll\x64\debug\injectdll.obj
c:\users\wysepc\source\repos\injectdll\injectdll\x64\debug\dllmain.obj
c:\users\wysepc\source\repos\dll inject\injectdll\injectdll\x64\debug\injectdll.pch
c:\users\wysepc\source\repos\dll inject\injectdll\injectdll\x64\debug\vc141.pdb
c:\users\wysepc\source\repos\dll inject\injectdll\injectdll\x64\debug\vc141.idb
c:\users\wysepc\source\repos\dll inject\injectdll\injectdll\x64\debug\stdafx.obj
c:\users\wysepc\source\repos\dll inject\injectdll\injectdll\x64\debug\injectdll.obj
c:\users\wysepc\source\repos\dll inject\injectdll\injectdll\x64\debug\dllmain.obj
c:\users\wysepc\source\repos\injectdll\x64\debug\injectdll.lib
c:\users\wysepc\source\repos\injectdll\x64\debug\injectdll.exp
c:\users\wysepc\source\repos\injectdll\x64\debug\injectdll.ilk
c:\users\wysepc\source\repos\injectdll\x64\debug\injectdll.dll
c:\users\wysepc\source\repos\injectdll\x64\debug\injectdll.pdb
c:\users\wysepc\source\repos\dll inject\injectdll\x64\debug\injectdll.pdb
c:\users\wysepc\source\repos\dll inject\injectdll\injectdll\x64\debug\injectdll.tlog\cl.command.1.tlog
c:\users\wysepc\source\repos\dll inject\injectdll\injectdll\x64\debug\injectdll.tlog\cl.read.1.tlog
c:\users\wysepc\source\repos\dll inject\injectdll\injectdll\x64\debug\injectdll.tlog\cl.write.1.tlog
c:\users\wysepc\source\repos\dll inject\injectdll\injectdll\x64\debug\injectdll.tlog\injectdll.write.1u.tlog
c:\users\wysepc\source\repos\dll inject\injectdll\injectdll\x64\debug\injectdll.tlog\link-cvtres.read.1.tlog
c:\users\wysepc\source\repos\dll inject\injectdll\injectdll\x64\debug\injectdll.tlog\link-cvtres.write.1.tlog
c:\users\wysepc\source\repos\dll inject\injectdll\injectdll\x64\debug\injectdll.tlog\link-rc.read.1.tlog
c:\users\wysepc\source\repos\dll inject\injectdll\injectdll\x64\debug\injectdll.tlog\link-rc.write.1.tlog
c:\users\wysepc\source\repos\dll inject\injectdll\injectdll\x64\debug\injectdll.tlog\link.command.1.tlog
c:\users\wysepc\source\repos\dll inject\injectdll\injectdll\x64\debug\injectdll.tlog\link.read.1.tlog
c:\users\wysepc\source\repos\dll inject\injectdll\injectdll\x64\debug\injectdll.tlog\link.write.1.tlog
