c:\users\wysepc\source\repos\kernelinjector\kernelinjector\debug\vc141.pdb
c:\users\wysepc\source\repos\kernelinjector\kernelinjector\debug\list.obj
c:\users\wysepc\source\repos\kernelinjector\kernelinjector\debug\injector.obj
c:\users\wysepc\source\repos\kernelinjector\kernelinjector\debug\endpoints.obj
c:\users\wysepc\source\repos\kernelinjector\kernelinjector\debug\callbacks.obj
c:\users\wysepc\source\repos\kernelinjector\debug\kernelinjector\kernelinjector.cat
c:\users\wysepc\source\repos\kernelinjector\debug\kernelinjector.sys
c:\users\wysepc\source\repos\kernelinjector\debug\kernelinjector.pdb
c:\users\wysepc\source\repos\kernelinjector\kernelinjector\debug\kernelinjector.inf
c:\users\wysepc\source\repos\kernelinjector\debug\kernelinjector.cer
c:\users\wysepc\source\repos\kernelinjector\debug\kernelinjector.inf
c:\users\wysepc\source\repos\kernelinjector\kernelinjector\debug\kernelinjector.tlog\cl.command.1.tlog
c:\users\wysepc\source\repos\kernelinjector\kernelinjector\debug\kernelinjector.tlog\cl.read.1.tlog
c:\users\wysepc\source\repos\kernelinjector\kernelinjector\debug\kernelinjector.tlog\cl.write.1.tlog
c:\users\wysepc\source\repos\kernelinjector\kernelinjector\debug\kernelinjector.tlog\inf2cat-expand.14288.read.1.tlog
c:\users\wysepc\source\repos\kernelinjector\kernelinjector\debug\kernelinjector.tlog\inf2cat-expand.14288.write.1.tlog
c:\users\wysepc\source\repos\kernelinjector\kernelinjector\debug\kernelinjector.tlog\inf2cat-expand.read.1.tlog
c:\users\wysepc\source\repos\kernelinjector\kernelinjector\debug\kernelinjector.tlog\inf2cat-expand.write.1.tlog
c:\users\wysepc\source\repos\kernelinjector\kernelinjector\debug\kernelinjector.tlog\inf2cat.command.1.tlog
c:\users\wysepc\source\repos\kernelinjector\kernelinjector\debug\kernelinjector.tlog\inf2cat.read.1.tlog
c:\users\wysepc\source\repos\kernelinjector\kernelinjector\debug\kernelinjector.tlog\inf2cat.write.1.tlog
c:\users\wysepc\source\repos\kernelinjector\kernelinjector\debug\kernelinjector.tlog\link.command.1.tlog
c:\users\wysepc\source\repos\kernelinjector\kernelinjector\debug\kernelinjector.tlog\link.read.1.tlog
c:\users\wysepc\source\repos\kernelinjector\kernelinjector\debug\kernelinjector.tlog\link.write.1.tlog
c:\users\wysepc\source\repos\kernelinjector\kernelinjector\debug\kernelinjector.tlog\signtool.command.1.tlog
c:\users\wysepc\source\repos\kernelinjector\kernelinjector\debug\kernelinjector.tlog\signtool.read.1.tlog
c:\users\wysepc\source\repos\kernelinjector\kernelinjector\debug\kernelinjector.tlog\signtool.timestamp.1.tlog
c:\users\wysepc\source\repos\kernelinjector\kernelinjector\debug\kernelinjector.tlog\signtool.write.1.tlog
c:\users\wysepc\source\repos\kernelinjector\kernelinjector\debug\kernelinjector.tlog\stampinf.command.1.tlog
c:\users\wysepc\source\repos\kernelinjector\kernelinjector\debug\kernelinjector.tlog\stampinf.read.1.tlog
c:\users\wysepc\source\repos\kernelinjector\kernelinjector\debug\kernelinjector.tlog\stampinf.write.1.tlog
