c:\users\wysepc\source\repos\processname\processname\x64\debug\vc141.pdb
c:\users\wysepc\source\repos\processname\processname\x64\debug\source.obj
c:\users\wysepc\source\repos\processname\x64\debug\processname\processname.cat
c:\users\wysepc\source\repos\processname\x64\debug\processname.sys
c:\users\wysepc\source\repos\processname\x64\debug\processname.pdb
c:\users\wysepc\source\repos\processname\processname\x64\debug\processname.inf
c:\users\wysepc\source\repos\processname\x64\debug\processname.cer
c:\users\wysepc\source\repos\processname\x64\debug\processname.inf
c:\users\wysepc\source\repos\processname\processname\x64\debug\processname.tlog\cl.command.1.tlog
c:\users\wysepc\source\repos\processname\processname\x64\debug\processname.tlog\cl.read.1.tlog
c:\users\wysepc\source\repos\processname\processname\x64\debug\processname.tlog\cl.write.1.tlog
c:\users\wysepc\source\repos\processname\processname\x64\debug\processname.tlog\inf2cat-expand.18484.read.1.tlog
c:\users\wysepc\source\repos\processname\processname\x64\debug\processname.tlog\inf2cat-expand.18484.write.1.tlog
c:\users\wysepc\source\repos\processname\processname\x64\debug\processname.tlog\inf2cat-expand.24328.read.1.tlog
c:\users\wysepc\source\repos\processname\processname\x64\debug\processname.tlog\inf2cat-expand.24328.write.1.tlog
c:\users\wysepc\source\repos\processname\processname\x64\debug\processname.tlog\inf2cat-expand.24356.read.1.tlog
c:\users\wysepc\source\repos\processname\processname\x64\debug\processname.tlog\inf2cat-expand.24356.write.1.tlog
c:\users\wysepc\source\repos\processname\processname\x64\debug\processname.tlog\inf2cat-expand.24804.read.1.tlog
c:\users\wysepc\source\repos\processname\processname\x64\debug\processname.tlog\inf2cat-expand.24804.write.1.tlog
c:\users\wysepc\source\repos\processname\processname\x64\debug\processname.tlog\inf2cat-expand.5756.read.1.tlog
c:\users\wysepc\source\repos\processname\processname\x64\debug\processname.tlog\inf2cat-expand.5756.write.1.tlog
c:\users\wysepc\source\repos\processname\processname\x64\debug\processname.tlog\inf2cat-expand.read.1.tlog
c:\users\wysepc\source\repos\processname\processname\x64\debug\processname.tlog\inf2cat-expand.write.1.tlog
c:\users\wysepc\source\repos\processname\processname\x64\debug\processname.tlog\inf2cat.command.1.tlog
c:\users\wysepc\source\repos\processname\processname\x64\debug\processname.tlog\inf2cat.read.1.tlog
c:\users\wysepc\source\repos\processname\processname\x64\debug\processname.tlog\inf2cat.write.1.tlog
c:\users\wysepc\source\repos\processname\processname\x64\debug\processname.tlog\link.command.1.tlog
c:\users\wysepc\source\repos\processname\processname\x64\debug\processname.tlog\link.read.1.tlog
c:\users\wysepc\source\repos\processname\processname\x64\debug\processname.tlog\link.write.1.tlog
c:\users\wysepc\source\repos\processname\processname\x64\debug\processname.tlog\signtool.command.1.tlog
c:\users\wysepc\source\repos\processname\processname\x64\debug\processname.tlog\signtool.read.1.tlog
c:\users\wysepc\source\repos\processname\processname\x64\debug\processname.tlog\signtool.timestamp.1.tlog
c:\users\wysepc\source\repos\processname\processname\x64\debug\processname.tlog\signtool.write.1.tlog
c:\users\wysepc\source\repos\processname\processname\x64\debug\processname.tlog\stampinf.command.1.tlog
c:\users\wysepc\source\repos\processname\processname\x64\debug\processname.tlog\stampinf.read.1.tlog
c:\users\wysepc\source\repos\processname\processname\x64\debug\processname.tlog\stampinf.write.1.tlog
