c:\users\wysepc\source\repos\kernelinjector\kernelinjector\x64\release\vc141.pdb
c:\users\wysepc\source\repos\kernelinjector\kernelinjector\x64\release\list.obj
c:\users\wysepc\source\repos\kernelinjector\kernelinjector\x64\release\injector.obj
c:\users\wysepc\source\repos\kernelinjector\kernelinjector\x64\release\endpoints.obj
c:\users\wysepc\source\repos\kernelinjector\kernelinjector\x64\release\callbacks.obj
c:\users\wysepc\source\repos\kernelinjector\x64\release\kernelinjector\kernelinjector.cat
c:\users\wysepc\source\repos\kernelinjector\x64\release\kernelinjector.sys
c:\users\wysepc\source\repos\kernelinjector\x64\release\kernelinjector.pdb
c:\users\wysepc\source\repos\kernelinjector\kernelinjector\x64\release\kernelinjector.inf
c:\users\wysepc\source\repos\kernelinjector\x64\release\kernelinjector.cer
c:\users\wysepc\source\repos\kernelinjector\x64\release\kernelinjector.inf
c:\users\wysepc\source\repos\kernelinjector\kernelinjector\x64\release\kernelinjector.tlog\cl.command.1.tlog
c:\users\wysepc\source\repos\kernelinjector\kernelinjector\x64\release\kernelinjector.tlog\cl.read.1.tlog
c:\users\wysepc\source\repos\kernelinjector\kernelinjector\x64\release\kernelinjector.tlog\cl.write.1.tlog
c:\users\wysepc\source\repos\kernelinjector\kernelinjector\x64\release\kernelinjector.tlog\inf2cat-expand.11524.read.1.tlog
c:\users\wysepc\source\repos\kernelinjector\kernelinjector\x64\release\kernelinjector.tlog\inf2cat-expand.11524.write.1.tlog
c:\users\wysepc\source\repos\kernelinjector\kernelinjector\x64\release\kernelinjector.tlog\inf2cat-expand.read.1.tlog
c:\users\wysepc\source\repos\kernelinjector\kernelinjector\x64\release\kernelinjector.tlog\inf2cat-expand.write.1.tlog
c:\users\wysepc\source\repos\kernelinjector\kernelinjector\x64\release\kernelinjector.tlog\inf2cat.command.1.tlog
c:\users\wysepc\source\repos\kernelinjector\kernelinjector\x64\release\kernelinjector.tlog\inf2cat.read.1.tlog
c:\users\wysepc\source\repos\kernelinjector\kernelinjector\x64\release\kernelinjector.tlog\inf2cat.write.1.tlog
c:\users\wysepc\source\repos\kernelinjector\kernelinjector\x64\release\kernelinjector.tlog\link.command.1.tlog
c:\users\wysepc\source\repos\kernelinjector\kernelinjector\x64\release\kernelinjector.tlog\link.read.1.tlog
c:\users\wysepc\source\repos\kernelinjector\kernelinjector\x64\release\kernelinjector.tlog\link.write.1.tlog
c:\users\wysepc\source\repos\kernelinjector\kernelinjector\x64\release\kernelinjector.tlog\signtool.command.1.tlog
c:\users\wysepc\source\repos\kernelinjector\kernelinjector\x64\release\kernelinjector.tlog\signtool.read.1.tlog
c:\users\wysepc\source\repos\kernelinjector\kernelinjector\x64\release\kernelinjector.tlog\signtool.timestamp.1.tlog
c:\users\wysepc\source\repos\kernelinjector\kernelinjector\x64\release\kernelinjector.tlog\signtool.write.1.tlog
c:\users\wysepc\source\repos\kernelinjector\kernelinjector\x64\release\kernelinjector.tlog\stampinf.command.1.tlog
c:\users\wysepc\source\repos\kernelinjector\kernelinjector\x64\release\kernelinjector.tlog\stampinf.read.1.tlog
c:\users\wysepc\source\repos\kernelinjector\kernelinjector\x64\release\kernelinjector.tlog\stampinf.write.1.tlog
